<?xml version="1.0" encoding="UTF-8"?>
<testng-results ignored="0" total="1" passed="1" failed="0" skipped="0">
  <reporter-output>
  </reporter-output>
  <suite started-at="2026-06-15T18:39:52 IST" name="Suite" finished-at="2026-06-15T18:39:57 IST" duration-ms="5761">
    <groups>
    </groups>
    <test started-at="2026-06-15T18:39:52 IST" name="Test" finished-at="2026-06-15T18:39:57 IST" duration-ms="5761">
      <class name="tests.RegistrationTest">
        <test-method is-config="true" signature="setUp()[pri:0, instance:tests.RegistrationTest@4c2bb6e0]" started-at="2026-06-15T18:39:52 IST" name="setUp" finished-at="2026-06-15T18:39:54 IST" duration-ms="2772" status="PASS">
          <reporter-output>
          </reporter-output>
        </test-method> <!-- setUp -->
        <test-method signature="registration(java.lang.String,java.lang.String,java.lang.String,java.lang.String,java.lang.String)[pri:1, instance:tests.RegistrationTest@4c2bb6e0]" started-at="2026-06-15T18:39:54 IST" name="registration" data-provider="RegistrationData" finished-at="2026-06-15T18:39:57 IST" duration-ms="2829" status="PASS">
          <params>
            <param index="0">
              <value>
                <![CDATA[John]]>
              </value>
            </param>
            <param index="1">
              <value>
                <![CDATA[Doe]]>
              </value>
            </param>
            <param index="2">
              <value>
                <![CDATA[doejohn123456789@gmail.com]]>
              </value>
            </param>
            <param index="3">
              <value>
                <![CDATA[12894967]]>
              </value>
            </param>
            <param index="4">
              <value>
                <![CDATA[password123]]>
              </value>
            </param>
          </params>
          <reporter-output>
          </reporter-output>
        </test-method> <!-- registration -->
        <test-method is-config="true" signature="quitDriver()[pri:0, instance:tests.RegistrationTest@4c2bb6e0]" started-at="2026-06-15T18:39:57 IST" name="quitDriver" finished-at="2026-06-15T18:39:57 IST" duration-ms="0" status="PASS">
          <reporter-output>
          </reporter-output>
        </test-method> <!-- quitDriver -->
      </class> <!-- tests.RegistrationTest -->
    </test> <!-- Test -->
  </suite> <!-- Suite -->
</testng-results>
