<?xml version="1.0" encoding="UTF-8"?>
<!-- Generated by org.testng.reporters.JUnitXMLReporter -->
<testsuite ignored="0" hostname="Cruiz" failures="0" tests="5" name="Test" time="24.644" errors="0" timestamp="2026-06-16T10:37:02 IST">
  <testcase classname="tests.RegistrationTest" name="registration" time="2.428"/>
  <testcase classname="tests.LoginTest" name="login" time="1.505"/>
  <testcase classname="tests.SearchTest" name="search" time="2.61"/>
  <testcase classname="tests.SearchTest" name="search" time="2.685"/>
  <testcase classname="tests.CheckoutTest" name="checkout" time="3.761"/>
</testsuite> <!-- Test -->
